-------------------------------------------------------------------------------
Test set: se.nackademin.librarytest.SelenideTest
-------------------------------------------------------------------------------
Tests run: 2, Failures: 1, Errors: 1, Skipped: 0, Time elapsed: 41.607 sec <<< FAILURE! - in se.nackademin.librarytest.SelenideTest
se.nackademin.librarytest.SelenideTest  Time elapsed: 41.605 sec  <<< ERROR!
org.openqa.selenium.NoSuchElementException: Could not find option containing dummyAuthorFirstName dummyAuthorLastName
For documentation on this error, please visit: http://seleniumhq.org/exceptions/no_such_element.html
Build info: version: '2.53.0', revision: '35ae25b1534ae328c771e0856c93e187490ca824', time: '2016-03-15 10:43:46'
System info: host: 'testautomatisering-VirtualBox', ip: '127.0.1.1', os.name: 'Linux', os.arch: 'i386', os.version: '4.4.0-78-generic', java.version: '1.8.0_131'
Driver info: driver.version: unknown
	at se.nackademin.librarytest.helpers.AuthorToBookTable.SearchAndClick(AuthorToBookTable.java:27)
	at se.nackademin.librarytest.helpers.BookHelper.createNewBookWithAuthor(BookHelper.java:131)
	at se.nackademin.librarytest.helpers.PreparationHelper.MakeDummyUserAuthorBookAndAdmin(PreparationHelper.java:31)
	at se.nackademin.librarytest.SelenideTest.TestLibrarianCreatesAuthorAndBook(SelenideTest.java:34)

se.nackademin.librarytest.SelenideTest  Time elapsed: 41.607 sec  <<< FAILURE!
com.codeborne.selenide.ex.ElementNotFound: Element not found {#gwt-uid-3}
Expected: exist
	at sun.reflect.GeneratedConstructorAccessor11.newInstance(Unknown Source)
	at sun.reflect.DelegatingConstructorAccessorImpl.newInstance(DelegatingConstructorAccessorImpl.java:45)
	at java.lang.reflect.Constructor.newInstance(Constructor.java:423)
	at org.openqa.selenium.remote.ErrorHandler.createThrowable(ErrorHandler.java:206)
	at org.openqa.selenium.remote.ErrorHandler.throwIfResponseFailed(ErrorHandler.java:158)
	at org.openqa.selenium.remote.RemoteWebDriver.execute(RemoteWebDriver.java:678)
	at org.openqa.selenium.remote.RemoteWebDriver.findElement(RemoteWebDriver.java:363)
	at org.openqa.selenium.remote.RemoteWebDriver.findElementByCssSelector(RemoteWebDriver.java:492)
	at org.openqa.selenium.By$ByCssSelector.findElement(By.java:430)
	at org.openqa.selenium.remote.RemoteWebDriver.findElement(RemoteWebDriver.java:355)
	at com.codeborne.selenide.impl.WebElementSelector.findElement(WebElementSelector.java:28)
	at com.codeborne.selenide.impl.ElementFinder.getWebElement(ElementFinder.java:56)
	at com.codeborne.selenide.impl.SelenideElementProxy.dispatchAndRetry(SelenideElementProxy.java:85)
	at com.codeborne.selenide.impl.SelenideElementProxy.invoke(SelenideElementProxy.java:58)
	at com.sun.proxy.$Proxy9.clear(Unknown Source)
	at se.nackademin.librarytest.pages.PageBase.setTextFieldValue(PageBase.java:32)
	at se.nackademin.librarytest.pages.BrowseBooksPage.setTitleField(BrowseBooksPage.java:30)
	at se.nackademin.librarytest.helpers.NavigationHelper.goToBook(NavigationHelper.java:24)
	at se.nackademin.librarytest.helpers.PreparationHelper.RemoveDummyAuthorBookAndAdmin(PreparationHelper.java:41)
	at se.nackademin.librarytest.SelenideTest.RemoveDummyAuthorBookAndAdmin(SelenideTest.java:57)

