<?xml version="1.0" encoding="UTF-8"?>
<testsuite name="se.nackademin.librarytest.SelenideTest" time="83.212" tests="2" errors="1" skipped="0" failures="1">
  <properties>
    <property name="java.runtime.name" value="Java(TM) SE Runtime Environment"/>
    <property name="sun.boot.library.path" value="/usr/lib/jvm/java-8-oracle/jre/lib/i386"/>
    <property name="java.vm.version" value="25.131-b11"/>
    <property name="java.vm.vendor" value="Oracle Corporation"/>
    <property name="maven.multiModuleProjectDirectory" value="/home/testautomatisering/git6/librarytest/SelenideTest"/>
    <property name="java.vendor.url" value="http://java.oracle.com/"/>
    <property name="path.separator" value=":"/>
    <property name="guice.disable.misplaced.annotation.check" value="true"/>
    <property name="java.vm.name" value="Java HotSpot(TM) Client VM"/>
    <property name="file.encoding.pkg" value="sun.io"/>
    <property name="user.country" value="US"/>
    <property name="sun.java.launcher" value="SUN_STANDARD"/>
    <property name="sun.os.patch.level" value="unknown"/>
    <property name="java.vm.specification.name" value="Java Virtual Machine Specification"/>
    <property name="user.dir" value="/home/testautomatisering/git6/librarytest/SelenideTest"/>
    <property name="java.runtime.version" value="1.8.0_131-b11"/>
    <property name="java.awt.graphicsenv" value="sun.awt.X11GraphicsEnvironment"/>
    <property name="java.endorsed.dirs" value="/usr/lib/jvm/java-8-oracle/jre/lib/endorsed"/>
    <property name="os.arch" value="i386"/>
    <property name="java.io.tmpdir" value="/tmp"/>
    <property name="line.separator" value="&#10;"/>
    <property name="java.vm.specification.vendor" value="Oracle Corporation"/>
    <property name="os.name" value="Linux"/>
    <property name="maven.ext.class.path" value="/home/testautomatisering/netbeans-8.2/java/maven-nblib/netbeans-eventspy.jar"/>
    <property name="classworlds.conf" value="/usr/share/maven/bin/m2.conf"/>
    <property name="sun.jnu.encoding" value="UTF-8"/>
    <property name="java.library.path" value="/usr/lib/jvm/java-8-oracle/jre/lib/amd64:/usr/lib/jvm/java-8-oracle/jre/lib/i386::/usr/java/packages/lib/i386:/lib:/usr/lib"/>
    <property name="java.specification.name" value="Java Platform API Specification"/>
    <property name="java.class.version" value="52.0"/>
    <property name="sun.management.compiler" value="HotSpot Client Compiler"/>
    <property name="os.version" value="4.4.0-78-generic"/>
    <property name="user.home" value="/home/testautomatisering"/>
    <property name="user.timezone" value="Europe/Stockholm"/>
    <property name="java.awt.printerjob" value="sun.print.PSPrinterJob"/>
    <property name="java.specification.version" value="1.8"/>
    <property name="file.encoding" value="UTF-8"/>
    <property name="user.name" value="testautomatisering"/>
    <property name="java.class.path" value="/usr/share/maven/boot/plexus-classworlds-2.x.jar"/>
    <property name="java.vm.specification.version" value="1.8"/>
    <property name="sun.arch.data.model" value="32"/>
    <property name="java.home" value="/usr/lib/jvm/java-8-oracle/jre"/>
    <property name="sun.java.command" value="org.codehaus.plexus.classworlds.launcher.Launcher -Dmaven.ext.class.path=/home/testautomatisering/netbeans-8.2/java/maven-nblib/netbeans-eventspy.jar clean install"/>
    <property name="java.specification.vendor" value="Oracle Corporation"/>
    <property name="user.language" value="en"/>
    <property name="awt.toolkit" value="sun.awt.X11.XToolkit"/>
    <property name="java.vm.info" value="mixed mode"/>
    <property name="java.version" value="1.8.0_131"/>
    <property name="java.ext.dirs" value="/usr/lib/jvm/java-8-oracle/jre/lib/ext:/usr/java/packages/lib/ext"/>
    <property name="securerandom.source" value="file:/dev/./urandom"/>
    <property name="sun.boot.class.path" value="/usr/lib/jvm/java-8-oracle/jre/lib/resources.jar:/usr/lib/jvm/java-8-oracle/jre/lib/rt.jar:/usr/lib/jvm/java-8-oracle/jre/lib/sunrsasign.jar:/usr/lib/jvm/java-8-oracle/jre/lib/jsse.jar:/usr/lib/jvm/java-8-oracle/jre/lib/jce.jar:/usr/lib/jvm/java-8-oracle/jre/lib/charsets.jar:/usr/lib/jvm/java-8-oracle/jre/lib/jfr.jar:/usr/lib/jvm/java-8-oracle/jre/classes"/>
    <property name="java.vendor" value="Oracle Corporation"/>
    <property name="maven.home" value="/usr/share/maven"/>
    <property name="file.separator" value="/"/>
    <property name="java.vendor.url.bug" value="http://bugreport.sun.com/bugreport/"/>
    <property name="sun.cpu.endian" value="little"/>
    <property name="sun.io.unicode.encoding" value="UnicodeLittle"/>
    <property name="sun.desktop" value="gnome"/>
    <property name="sun.cpu.isalist" value=""/>
  </properties>
  <testcase name="se.nackademin.librarytest.SelenideTest" classname="se.nackademin.librarytest.SelenideTest" time="41.605">
    <error message="Could not find option containing dummyAuthorFirstName dummyAuthorLastName&#10;For documentation on this error, please visit: http://seleniumhq.org/exceptions/no_such_element.html&#10;Build info: version: &apos;2.53.0&apos;, revision: &apos;35ae25b1534ae328c771e0856c93e187490ca824&apos;, time: &apos;2016-03-15 10:43:46&apos;&#10;System info: host: &apos;testautomatisering-VirtualBox&apos;, ip: &apos;127.0.1.1&apos;, os.name: &apos;Linux&apos;, os.arch: &apos;i386&apos;, os.version: &apos;4.4.0-78-generic&apos;, java.version: &apos;1.8.0_131&apos;&#10;Driver info: driver.version: unknown" type="org.openqa.selenium.NoSuchElementException">org.openqa.selenium.NoSuchElementException: Could not find option containing dummyAuthorFirstName dummyAuthorLastName
For documentation on this error, please visit: http://seleniumhq.org/exceptions/no_such_element.html
Build info: version: '2.53.0', revision: '35ae25b1534ae328c771e0856c93e187490ca824', time: '2016-03-15 10:43:46'
System info: host: 'testautomatisering-VirtualBox', ip: '127.0.1.1', os.name: 'Linux', os.arch: 'i386', os.version: '4.4.0-78-generic', java.version: '1.8.0_131'
Driver info: driver.version: unknown
	at se.nackademin.librarytest.helpers.AuthorToBookTable.SearchAndClick(AuthorToBookTable.java:27)
	at se.nackademin.librarytest.helpers.BookHelper.createNewBookWithAuthor(BookHelper.java:131)
	at se.nackademin.librarytest.helpers.PreparationHelper.MakeDummyUserAuthorBookAndAdmin(PreparationHelper.java:31)
	at se.nackademin.librarytest.SelenideTest.TestLibrarianCreatesAuthorAndBook(SelenideTest.java:34)
</error>
    <system-err><![CDATA[May 29, 2017 10:55:48 AM se.nackademin.librarytest.SelenideTest TestLibrarianCreatesAuthorAndBook
INFO: *** Starting Preparing library dummies needed for tests ***
Starting ChromeDriver 2.29.461599 (8cfe70b3bca63aec509c39bf48c384e7eba3372b) on port 29895
Only local connections are allowed.
May 29, 2017 10:55:50 AM com.codeborne.selenide.webdriver.WebDriverFactory createWebDriver
INFO: BrowserName=chrome Version=58.0.3029.110 Platform=LINUX
May 29, 2017 10:55:50 AM com.codeborne.selenide.webdriver.WebDriverFactory createWebDriver
INFO: Selenide v. 3.5.1
May 29, 2017 10:55:50 AM com.codeborne.selenide.webdriver.WebDriverFactory createWebDriver
INFO: Selenium WebDriver v. 2.53.0 build time: 2016-03-15 10:43:46
May 29, 2017 10:55:50 AM com.codeborne.selenide.impl.WebDriverThreadLocalContainer createDriver
INFO: Create webdriver in current thread 1: ChromeDriver -> ChromeDriver: chrome on LINUX (deb515d9e314d7aa3e663cb452f04eff)
May 29, 2017 10:55:50 AM se.nackademin.librarytest.pages.PageBase clickButton
INFO: Clicking the sign in link
May 29, 2017 10:55:52 AM se.nackademin.librarytest.pages.PageBase setTextFieldValue
INFO: Setting username to admin
May 29, 2017 10:55:52 AM se.nackademin.librarytest.pages.PageBase setTextFieldValue
INFO: Setting password to 1234567890
May 29, 2017 10:55:53 AM se.nackademin.librarytest.pages.PageBase clickButton
INFO: Clicking submit button
May 29, 2017 10:55:53 AM se.nackademin.librarytest.pages.MenuPage getSignInMessage
INFO: Getting the main page's response message from signing in
May 29, 2017 10:55:54 AM se.nackademin.librarytest.pages.PageBase clickButton
INFO: Clicking the add user link
May 29, 2017 10:55:55 AM se.nackademin.librarytest.pages.PageBase setTextFieldValue
INFO: Setting display name field to aDummyUserDisplayName
May 29, 2017 10:55:58 AM se.nackademin.librarytest.pages.PageBase setTextFieldValue
INFO: Setting password field to aDummyUserPassword
May 29, 2017 10:55:59 AM se.nackademin.librarytest.pages.PageBase setTextFieldValue
INFO: Setting first name field to aDummyUserFirstName
May 29, 2017 10:55:59 AM se.nackademin.librarytest.pages.PageBase setTextFieldValue
INFO: Setting last name field to aDummyUserLastName
May 29, 2017 10:55:59 AM se.nackademin.librarytest.pages.PageBase setTextFieldValue
INFO: Setting phone field to aDummyUserPhone
May 29, 2017 10:56:00 AM se.nackademin.librarytest.pages.PageBase setTextFieldValue
INFO: Setting email field to aDummyUserEmail
May 29, 2017 10:56:00 AM se.nackademin.librarytest.pages.PageBase clickButton
INFO: Clicking set role to librarian radiobutton
May 29, 2017 10:56:00 AM se.nackademin.librarytest.pages.PageBase clickButton
INFO: Clicking add user button
May 29, 2017 10:56:00 AM se.nackademin.librarytest.pages.PageBase clickButton
INFO: Clicking the add user link
May 29, 2017 10:56:01 AM se.nackademin.librarytest.pages.PageBase setTextFieldValue
INFO: Setting display name field to secondDummyUserDisplayName
May 29, 2017 10:56:05 AM se.nackademin.librarytest.pages.PageBase setTextFieldValue
INFO: Setting password field to secondDummyUserPassword
May 29, 2017 10:56:06 AM se.nackademin.librarytest.pages.PageBase setTextFieldValue
INFO: Setting first name field to secondDummyUserFirstName
May 29, 2017 10:56:06 AM se.nackademin.librarytest.pages.PageBase setTextFieldValue
INFO: Setting last name field to secondDummyUserLastName
May 29, 2017 10:56:07 AM se.nackademin.librarytest.pages.PageBase setTextFieldValue
INFO: Setting phone field to secondDummyUserPhone
May 29, 2017 10:56:07 AM se.nackademin.librarytest.pages.PageBase setTextFieldValue
INFO: Setting email field to secondDummyUserEmail
May 29, 2017 10:56:07 AM se.nackademin.librarytest.pages.PageBase clickButton
INFO: Clicking set role to loaner radiobutton
May 29, 2017 10:56:07 AM se.nackademin.librarytest.pages.PageBase clickButton
INFO: Clicking add user button
May 29, 2017 10:56:07 AM se.nackademin.librarytest.pages.PageBase clickButton
INFO: Clicking the add author link
May 29, 2017 10:56:09 AM se.nackademin.librarytest.pages.PageBase setTextFieldValue
INFO: Setting author's first name field to dummyAuthorFirstName
May 29, 2017 10:56:09 AM se.nackademin.librarytest.pages.PageBase setTextFieldValue
INFO: Setting author's last name field to dummyAuthorLastName
May 29, 2017 10:56:10 AM se.nackademin.librarytest.pages.PageBase setTextFieldValue
INFO: Setting author's home country to dummyAuthorCountry
May 29, 2017 10:56:10 AM se.nackademin.librarytest.pages.PageBase setTextFieldValue
INFO: Setting author's biography to dummyAuthorBio
May 29, 2017 10:56:13 AM se.nackademin.librarytest.pages.PageBase clickButton
INFO: Clicking add author button
May 29, 2017 10:56:13 AM se.nackademin.librarytest.pages.PageBase clickButton
INFO: Clicking the add author link
May 29, 2017 10:56:14 AM se.nackademin.librarytest.pages.PageBase setTextFieldValue
INFO: Setting the book's title to dummyTestTitle
May 29, 2017 10:56:18 AM se.nackademin.librarytest.SelenideTest RemoveDummyAuthorBookAndAdmin
INFO: *** Starting to remove library dummies no longer needed ***
May 29, 2017 10:56:18 AM se.nackademin.librarytest.pages.PageBase clickButton
INFO: Clicking the sign in link
May 29, 2017 10:56:21 AM se.nackademin.librarytest.pages.PageBase setTextFieldValue
INFO: Setting username to aDummyUserDisplayName
May 29, 2017 10:56:22 AM se.nackademin.librarytest.pages.PageBase setTextFieldValue
INFO: Setting password to aDummyUserPassword
May 29, 2017 10:56:23 AM se.nackademin.librarytest.pages.PageBase clickButton
INFO: Clicking submit button
May 29, 2017 10:56:24 AM se.nackademin.librarytest.pages.MenuPage getSignInMessage
INFO: Getting the main page's response message from signing in
May 29, 2017 10:56:24 AM se.nackademin.librarytest.pages.PageBase clickButton
INFO: Clicking the browse books link
May 29, 2017 10:56:25 AM se.nackademin.librarytest.pages.PageBase setTextFieldValue
INFO: Setting title field to dummyTestTitle
]]></system-err>
  </testcase>
  <testcase name="se.nackademin.librarytest.SelenideTest" classname="se.nackademin.librarytest.SelenideTest" time="41.607">
    <failure message="Element not found {#gwt-uid-3}&#10;Expected: exist" type="com.codeborne.selenide.ex.ElementNotFound">com.codeborne.selenide.ex.ElementNotFound: Element not found {#gwt-uid-3}
Expected: exist
	at sun.reflect.GeneratedConstructorAccessor11.newInstance(Unknown Source)
	at sun.reflect.DelegatingConstructorAccessorImpl.newInstance(DelegatingConstructorAccessorImpl.java:45)
	at java.lang.reflect.Constructor.newInstance(Constructor.java:423)
	at org.openqa.selenium.remote.ErrorHandler.createThrowable(ErrorHandler.java:206)
	at org.openqa.selenium.remote.ErrorHandler.throwIfResponseFailed(ErrorHandler.java:158)
	at org.openqa.selenium.remote.RemoteWebDriver.execute(RemoteWebDriver.java:678)
	at org.openqa.selenium.remote.RemoteWebDriver.findElement(RemoteWebDriver.java:363)
	at org.openqa.selenium.remote.RemoteWebDriver.findElementByCssSelector(RemoteWebDriver.java:492)
	at org.openqa.selenium.By$ByCssSelector.findElement(By.java:430)
	at org.openqa.selenium.remote.RemoteWebDriver.findElement(RemoteWebDriver.java:355)
	at com.codeborne.selenide.impl.WebElementSelector.findElement(WebElementSelector.java:28)
	at com.codeborne.selenide.impl.ElementFinder.getWebElement(ElementFinder.java:56)
	at com.codeborne.selenide.impl.SelenideElementProxy.dispatchAndRetry(SelenideElementProxy.java:85)
	at com.codeborne.selenide.impl.SelenideElementProxy.invoke(SelenideElementProxy.java:58)
	at com.sun.proxy.$Proxy9.clear(Unknown Source)
	at se.nackademin.librarytest.pages.PageBase.setTextFieldValue(PageBase.java:32)
	at se.nackademin.librarytest.pages.BrowseBooksPage.setTitleField(BrowseBooksPage.java:30)
	at se.nackademin.librarytest.helpers.NavigationHelper.goToBook(NavigationHelper.java:24)
	at se.nackademin.librarytest.helpers.PreparationHelper.RemoveDummyAuthorBookAndAdmin(PreparationHelper.java:41)
	at se.nackademin.librarytest.SelenideTest.RemoveDummyAuthorBookAndAdmin(SelenideTest.java:57)
</failure>
  </testcase>
</testsuite>